2017-12-08 00:22:02,516 0 0.6244426505747734
2017-12-08 00:27:20,044 10 0.8404304404979311
2017-12-08 00:32:41,656 20 0.8651752551853126
2017-12-08 00:38:10,210 30 0.8578205365728855
2017-12-08 00:43:50,914 40 0.8914622096357269
2017-12-08 00:49:26,911 50 0.8993043608677624
2017-12-08 00:54:48,867 60 0.9053110305340144
2017-12-08 01:00:11,325 70 0.9079612524151073
2017-12-08 01:05:30,578 80 0.9101359517948989
2017-12-08 01:10:49,295 90 0.9140301193658523
2017-12-08 01:16:22,363 100 0.9151240857881411
2017-12-08 01:21:42,349 110 0.9204518787108841
2017-12-08 01:27:02,073 120 0.9186472752296007
2017-12-08 01:32:17,723 130 0.9212538266769006
2017-12-08 01:37:33,094 140 0.9245789552620667
2017-12-08 01:42:48,567 150 0.9223680844118607
2017-12-08 01:48:03,902 160 0.9258096674871414
2017-12-08 01:53:19,235 170 0.9271608042417666
2017-12-08 01:58:34,711 180 0.9238347934256147
2017-12-08 02:03:50,431 190 0.9286495690301635
2017-12-08 02:09:06,680 200 0.9297430943369593
2017-12-08 02:14:22,160 210 0.9295278299764445
2017-12-08 02:19:37,950 220 0.9290015791934644
2017-12-08 02:24:53,119 230 0.9297991160045523
2017-12-08 02:30:08,204 240 0.9324559546180381
2017-12-08 02:35:23,289 250 0.9342398256711573
2017-12-08 02:40:38,404 260 0.9325044773222525
2017-12-08 06:27:25,405 270 0.9343562801612718
2017-12-08 06:32:36,185 280 0.9352363055695242
2017-12-08 06:37:50,886 290 0.93315071151929
2017-12-08 06:43:05,805 300 0.9344347987190006
2017-12-08 06:48:20,553 310 0.9361207421327051
2017-12-08 06:53:35,794 320 0.9357069758004041
2017-12-08 06:58:50,253 330 0.9362230809270483
2017-12-08 07:04:04,741 340 0.9377356659520596
2017-12-08 07:09:19,052 350 0.9365614165100706
2017-12-08 07:14:33,181 360 0.9393510308869069
2017-12-08 07:19:47,366 370 0.9378185956647169
2017-12-08 07:25:01,547 380 0.9383942513828971
2017-12-08 07:30:15,699 390 0.9399293332980441
2017-12-08 07:35:29,963 400 0.9382808847012325
2017-12-08 07:40:44,233 410 0.9364154072819345
2017-12-08 07:45:58,429 b 420 0.941676591765256
2017-12-08 07:51:12,590 430 0.9402023837881234
2017-12-08 07:56:26,868 440 0.9416166000582272
2017-12-08 08:01:42,341 450 0.9405407193711458
2017-12-08 08:06:57,971 460 0.9421962258158431
2017-12-08 08:12:14,226 470 0.9407833328922178
2017-12-08 08:17:29,542 480 0.9409708069766827
2017-12-08 08:22:55,354 490 0.942719829905866
2017-12-08 08:28:12,518 500 0.9412963502104121
2017-12-08 08:33:28,697 510 0.9425941119904013
2017-12-08 08:38:53,081 520 0.9428429011283734
2017-12-08 08:44:11,154 530 0.9427568836072661
2017-12-08 08:49:31,377 540 0.9429690601593309
2017-12-08 08:54:53,966 550 0.9407775983908107
2017-12-08 09:00:14,828 560 0.9418592135792994
2017-12-08 09:05:33,727 570 0.9440220028407837
2017-12-08 09:10:51,676 580 0.9441940378829985
2017-12-08 09:16:07,580 590 0.9416289512920273
2017-12-08 09:21:24,431 600 0.9448252741532788
2017-12-08 09:26:46,019 610 0.945344908203866
2017-12-08 09:32:05,393 620 0.9445425191223566
2017-12-08 09:37:29,611 630 0.9451102347616653
2017-12-08 09:42:48,092 640 0.9435879451958111
2017-12-08 09:48:08,429 650 0.9444317991336492
2017-12-08 09:53:27,740 660 0.9459686455107676
2017-12-08 09:58:46,310 670 0.9460290783332892
2017-12-08 10:04:02,954 680 0.9450414207447794
2017-12-08 10:09:19,745 690 0.9454873885080591
2017-12-08 10:14:39,997 700 0.9445685449364353
2017-12-08 10:19:57,728 710 0.9444137133984419
2017-12-08 10:25:19,194 720 0.9443815119674633
2017-12-08 10:30:39,645 730 0.9449730478433863
2017-12-08 10:36:00,021 740 0.9459792322825963
2017-12-08 10:41:31,165 750 0.9469311595161846
2017-12-08 10:47:16,414 760 0.9465694448120406
2017-12-08 10:52:46,672 770 0.9476775269301009
2017-12-08 10:58:17,132 780 0.9479152881807514
2017-12-08 11:03:49,634 790 0.9464022620402474
2017-12-08 11:09:14,850 800 0.9466042929359765
2017-12-08 11:14:38,846 810 0.945335644778516
2017-12-08 11:20:07,235 820 0.947462262569586
2017-12-08 11:25:31,619 830 0.9468358785697272
2017-12-08 11:30:49,395 840 0.9474419712569145
2017-12-08 11:36:10,902 850 0.9479607230765159
2017-12-08 11:41:34,100 860 0.9482108355609665
2017-12-08 11:46:53,704 870 0.947169361882328
2017-12-08 11:52:10,991 880 0.9469761532964561
2017-12-08 11:57:33,510 890 0.9476219463780007
2017-12-08 12:02:49,287 900 0.9469858578372989
2017-12-08 12:08:07,558 910 0.948007040203266
2017-12-08 12:13:35,044 920 0.9464216711219331
2017-12-08 12:19:02,640 930 0.9480785009131091
2017-12-08 12:24:49,405 940 0.9484322755383815
2017-12-08 12:30:22,938 950 0.9484821215890744
2017-12-08 12:35:45,004 960 0.9484684470087958
2017-12-08 12:41:09,907 970 0.9483586092510741
2017-12-08 12:46:40,396 980 0.948498883977803
2017-12-08 13:49:35,888 990 0.9464618126317833
2017-12-08 13:54:54,511 1000 0.9489404405861542
2017-12-08 14:00:42,017 1010 0.9486625378256535
2017-12-08 14:06:09,225 1020 0.9485579934538461
2017-12-08 14:11:59,342 1030 0.950174240619679
2017-12-08 14:17:38,921 1040 0.9503078986140151
2017-12-08 14:23:13,278 1050 0.9484644769693601
2017-12-08 14:28:57,549 1060 0.9490886553917547
2017-12-08 14:34:35,809 1070 0.9481773107835093
2017-12-08 14:40:20,965 1080 0.9480392416342447
2017-12-08 14:45:51,160 1090 0.9502390845971292
2017-12-08 14:51:12,961 1100 0.9498967789746712
2017-12-08 14:56:37,793 1110 0.9499602996056428
2017-12-08 15:02:02,795 1120 0.9489236781974256
2017-12-08 15:07:26,006 1130 0.9490793919664047
2017-12-08 15:12:58,710 1140 0.9497031292733064
2017-12-08 15:18:28,718 1150 0.9506325596167589
2017-12-08 15:23:55,572 1160 0.9510300046758242
2017-12-08 15:29:16,715 1170 0.950398327290051
2017-12-08 15:34:33,181 1180 0.9497269495099206
2017-12-08 15:39:53,856 1190 0.949719450546542
2017-12-08 15:45:16,180 1200 0.9499788264563428
2017-12-08 15:50:41,752 1210 0.9496197584451561
2017-12-08 15:55:57,949 1220 0.9505985937238087
2017-12-08 16:01:16,980 1230 0.9514089228841895
2017-12-08 16:06:38,202 1240 0.9503881816337153
2017-12-08 16:11:57,884 1250 0.9502518769464221
2017-12-08 16:17:18,845 1260 0.9502637870647292
2017-12-08 16:22:36,145 1270 0.9507507785688449
2017-12-08 16:27:53,888 1280 0.9491751140283549
2017-12-08 16:33:18,417 1290 0.9500471993577358
2017-12-08 16:38:40,997 1300 0.9503621558196367
2017-12-08 16:44:01,051 1310 0.9508125347378451
2017-12-08 16:49:23,037 1320 0.951488764788397
2017-12-08 16:54:41,979 1330 0.9507556308392663
2017-12-08 17:00:00,604 1340 0.9501226301070146
2017-12-08 17:05:19,642 1350 0.9523251197628563
2017-12-08 17:10:40,912 1360 0.9495791758198131
2017-12-08 17:15:58,102 1370 0.9497062170817564
2017-12-08 17:21:19,225 1380 0.9494658091381486
2017-12-08 17:26:41,103 1390 0.9508054768899593
2017-12-08 17:31:58,930 1400 0.9507918023096807
2017-12-08 17:37:26,035 1410 0.9522095475037274
2017-12-08 17:42:49,276 1420 0.9517274082700332
2017-12-08 17:48:08,084 1430 0.9513132008222392
2017-12-08 17:53:26,450 1440 0.9510608827603243
2017-12-08 17:58:44,967 1450 0.950713283751952
2017-12-08 18:04:01,250 1460 0.9513533423320893
2017-12-08 18:09:17,836 1470 0.9486775357524107
2017-12-08 18:14:38,493 1480 0.9517049113798974
2017-12-08 18:19:55,931 1490 0.9506078571491587
2017-12-08 18:25:12,280 1500 0.9515452275714827
2017-12-08 18:30:28,023 1510 0.9520600093516485
2017-12-08 18:35:43,854 1520 0.9525769967092784
2017-12-08 18:41:00,248 1530 0.9511358723941102
2017-12-08 18:46:15,766 1540 0.9510547071434243
2017-12-08 18:51:31,612 1550 0.9523912870867851
2017-12-08 18:56:47,664 1560 0.9511826306363532
2017-12-08 19:02:04,028 1570 0.9520983863995272
2017-12-08 19:07:20,422 1580 0.9519545827488554
2017-12-08 19:12:38,068 1590 0.9527600596388146
2017-12-08 19:17:54,884 1600 0.9516113948954115
2017-12-08 19:23:10,937 1610 0.951637861824983
2017-12-08 19:28:27,292 1620 0.9520154566868697
2017-12-08 19:33:43,718 1630 0.9518690063432408
2017-12-08 19:39:02,489 1640 0.9519439959770267
2017-12-08 19:44:19,668 1650 0.9516771211038474
2017-12-08 19:49:37,161 1660 0.9504336165294798
2017-12-08 19:54:54,982 1670 0.952363496810735
2017-12-08 20:00:13,285 1680 0.9510273579828671
2017-12-08 20:05:33,307 1690 0.9513339332504036
2017-12-08 20:11:02,068 1700 0.9519444370925195
2017-12-08 20:16:37,817 1710 0.9519704629065983
2017-12-08 20:21:55,697 1720 0.9509960387828741
2017-12-08 20:27:14,219 1730 0.949638726411349
2017-12-08 20:32:34,513 1740 0.9525245039656283
2017-12-08 20:37:54,272 1750 0.9530697227148012
2017-12-08 20:43:17,153 1760 0.9532201430978658
2017-12-08 20:48:39,446 1770 0.9529510626472223
2017-12-08 20:54:00,190 1780 0.9514212741179896
2017-12-08 20:59:21,995 1790 0.9528465182754149
2017-12-08 21:04:40,559 1800 0.9524728934529638
2017-12-08 21:10:01,471 1810 0.9525615576670284
2017-12-08 21:15:22,022 1820 0.9521782283037344
2017-12-08 21:20:41,266 1830 0.9526559563825001
2017-12-08 21:25:59,474 1840 0.9531522113119657
2017-12-08 21:31:19,599 1850 0.9527490317514932
2017-12-08 21:36:37,672 1860 0.9533696812499448
2017-12-08 21:42:02,345 1870 0.9531305966528156
2017-12-08 21:47:24,532 1880 0.953095307413387
2017-12-08 21:52:41,513 1890 0.9523709957741135
2017-12-08 21:58:22,181 1900 0.9526272838754642
2017-12-08 22:03:53,927 1910 0.953372327942902
2017-12-08 22:09:23,960 1920 0.952936505835958
2017-12-08 22:14:48,000 1930 0.9535712710301811
2017-12-08 22:20:19,075 1940 0.9534830479316094
2017-12-08 22:26:11,199 1950 0.9521336756389558
2017-12-08 22:31:39,420 1960 0.9534455531147165
2017-12-08 22:37:03,474 1970 0.9536784620949457
2017-12-08 22:42:24,927 1980 0.9516982946475047
2017-12-08 22:48:04,888 1990 0.9535787699935597
2017-12-08 22:53:42,056 2000 0.9534340841119022
2017-12-08 22:59:17,891 2010 0.9529920863880581
2017-12-08 23:04:50,755 2020 0.9535902389963741
2017-12-08 23:10:17,005 2030 0.9511036709631315
2017-12-08 23:38:55,297 2050 0.9527128602810788
2017-12-08 23:44:14,655 2060 0.9521958729234489
2017-12-08 23:49:33,782 2070 0.9536065602696098
2017-12-08 23:54:52,987 2080 0.9532069096330801
2017-12-09 00:00:12,367 2090 0.953412910568245
2017-12-09 00:05:31,006 2100 0.9526850700050287
2017-12-09 00:10:50,706 2110 0.9542766147032616
2017-12-09 00:16:10,139 2120 0.9529576793796152
2017-12-09 00:21:28,228 2130 0.9528593106247077
2017-12-09 00:26:44,103 2140 0.9526952156613645
2017-12-09 00:31:59,809 2150 0.9531932350528015
2017-12-09 00:37:15,539 2160 0.9527596185233218
2017-12-09 00:42:31,495 2170 0.9545827488553053
2017-12-09 00:47:47,928 2180 0.9549431402129706
2017-12-09 00:53:03,287 2190 0.9543692489567619
2017-12-09 00:58:18,812 2200 0.9514967048672683
2017-12-09 01:03:34,402 2210 0.9532214664443445
2017-12-09 01:08:50,080 2220 0.9543233729455046
2017-12-09 01:14:05,969 2230 0.9538738762582819
2017-12-09 01:19:21,154 2240 0.9540997273906254
2017-12-09 01:24:35,961 2250 0.9534579043485165
2017-12-09 01:29:50,684 2260 0.9541363399765327
2017-12-09 01:35:05,697 2270 0.9544676177116692
2017-12-09 01:40:21,212 2280 0.9544799689454693
2017-12-09 01:45:36,994 2290 0.9546705308383842
2017-12-09 01:50:52,862 2300 0.9538496149061747
2017-12-09 01:56:08,588 2310 0.9542170641117257
2017-12-09 02:01:24,004 2320 0.953537305137231
2017-12-09 02:06:39,252 2330 0.9535024570132952
2017-12-09 02:11:54,576 2340 0.953895490917432
2017-12-09 02:17:09,995 2350 0.9527587362923361
2017-12-09 02:22:25,314 2360 0.9527927021852861
2017-12-09 02:27:40,841 2370 0.9539881251709322
2017-12-09 02:32:56,528 2380 0.9549025575876275
2017-12-09 02:38:12,130 2390 0.9527221237064288
2017-12-09 02:43:27,956 2400 0.9550375389284422
2017-12-09 02:48:43,490 2410 0.954322049599026
2017-12-09 02:53:58,763 2420 0.9551663446523568
2017-12-09 02:59:14,378 2430 0.9542148585342615
2017-12-09 03:04:29,790 2440 0.9537437471878887
2017-12-09 03:09:45,965 2450 0.9548333024552488
2017-12-09 03:15:01,450 2460 0.9543816001905618
2017-12-09 03:20:16,850 2470 0.9544336518187192
2017-12-09 03:25:32,445 2480 0.954116489779354
2017-12-09 03:30:47,932 2490 0.9544287995482977
2017-12-09 03:36:03,303 2500 0.9543793946130976
2017-12-09 03:41:18,800 2510 0.9538888741850391
2017-12-09 03:46:34,413 2520 0.9552497154805071
2017-12-09 03:51:49,613 2530 0.9548258034918703
2017-12-09 03:57:05,327 2540 0.9549352001340992
2017-12-09 04:02:20,957 2550 0.9550066608439421
2017-12-09 04:07:36,628 2560 0.949732242895835
2017-12-09 04:12:51,995 2570 0.9535642131822953
2017-12-09 04:18:07,022 2580 0.9551553167650354
2017-12-09 04:23:21,821 2590 0.9543904225004191
2017-12-09 04:28:36,678 2600 0.9541813337568043
2017-12-09 04:33:51,752 2610 0.9556012845283152
2017-12-09 04:39:08,134 2620 0.9544971724496908
2017-12-09 04:44:23,704 2630 0.9532179375204016
2017-12-09 04:49:39,249 2640 0.953574799954124
2017-12-09 04:54:54,749 2650 0.9534989280893523
2017-12-09 05:00:10,558 2660 0.954926377824242
2017-12-09 05:05:25,672 2670 0.9557225912888513
2017-12-09 05:10:40,871 2680 0.954181774872297
2017-12-09 05:15:55,851 2690 0.954085170579361
2017-12-09 05:21:11,009 2700 0.9552911803368358
2017-12-09 05:26:26,013 2710 0.9549378468270563
2017-12-09 05:31:40,876 2720 0.954636564945434
2017-12-09 05:36:55,769 2730 0.9553679344325932
2017-12-09 05:42:10,650 2740 0.9540273844497966
2017-12-09 05:47:26,119 2750 0.954630389328534
2017-12-09 05:52:41,150 2760 0.9532810170358803
2017-12-09 05:57:56,497 2770 0.9556983299367441
2017-12-09 06:03:11,530 2780 0.953577887762574
2017-12-09 06:08:26,727 2790 0.955919328798666
2017-12-09 06:13:42,102 2800 0.9540935517737253
2017-12-09 06:18:57,564 2810 0.9550701814749137
2017-12-09 06:24:12,701 2820 0.955125320911521
2017-12-09 06:29:28,247 2830 0.9554124870973718
2017-12-09 06:34:43,483 2840 0.9543551332609904
2017-12-09 06:39:58,665 2850 0.9541848626807471
2017-12-09 06:45:13,883 2860 0.9549907806861992
2017-12-09 06:50:29,453 2870 0.9560057874352663
2017-12-09 06:55:44,856 2880 0.9551125285622282
2017-12-09 07:00:59,863 2890 0.9543586621849333
2017-12-09 07:06:15,090 2900 0.9555443806297365
2017-12-09 07:11:30,409 2910 0.954813893373563
2017-12-09 07:16:45,342 2920 0.9550441556608351
2017-12-09 07:22:00,171 2930 0.9549925451481707
2017-12-09 07:27:15,043 2940 0.95575170491138
2017-12-09 07:32:29,959 2950 0.9553988125170932
2017-12-09 07:37:44,957 2960 0.9544733522130764
2017-12-09 07:43:00,118 2970 0.9536255282358027
2017-12-09 07:48:15,227 2980 0.9553564654297788
2017-12-09 07:53:30,214 2990 0.9546568562581055
2017-12-09 07:58:45,493 3000 0.9536771387484672
2017-12-09 08:04:00,691 3010 0.9547741929792058
2017-12-09 08:09:15,818 3020 0.955106794060821
2017-12-09 08:14:31,210 3030 0.9553626410466789
2017-12-09 08:19:46,696 3040 0.9549674015650778
2017-12-09 08:25:01,924 3050 0.9545104059144766
2017-12-09 08:30:17,455 3060 0.9534861357400595
2017-12-09 08:35:32,595 3070 0.9554874767311577
2017-12-09 08:40:47,834 3080 0.9536669930921314
2017-12-09 08:46:03,062 3090 0.9550653292044923
2017-12-09 08:51:18,322 3100 0.955492770117072
2017-12-09 08:56:33,634 3110 0.9552704479086714
2017-12-09 09:01:48,882 3120 0.9555174725846721
2017-12-09 09:07:03,716 3130 0.9553291162692216
2017-12-09 09:12:19,591 3140 0.9554191038297647
2017-12-09 09:17:34,793 3150 0.9539634227033322
2017-12-09 09:22:49,941 3160 0.9566586383646967
2017-12-09 09:28:05,519 3170 0.9554376306804647
2017-12-09 09:33:21,158 3180 0.9547556661285058
2017-12-09 09:38:36,962 3190 0.9563750011027887
2017-12-09 09:43:52,202 3200 0.9561606189732595
2017-12-09 09:49:18,901 3210 0.9560798948380665
2017-12-09 09:54:50,474 3220 0.9564274938464389
2017-12-09 10:00:09,783 3230 0.9557728784550371
2017-12-09 10:05:32,711 3240 0.9559704981958377
2017-12-09 10:10:58,405 3250 0.9566983387590539
